time="2018-01-13T17:02:02Z" level=info msg="Starting node_exporter (version=0.15.1, branch=HEAD, revision=ba5da2c29ae7f6209a88cb58676ba5ba029ad785)" source="node_exporter.go:43"
time="2018-01-13T17:02:02Z" level=info msg="Build context (go=go1.9.2, user=root@b73d73f4fc5e, date=20171107-17:50:51)" source="node_exporter.go:44"
time="2018-01-13T17:02:02Z" level=info msg="No directory specified, see --collector.textfile.directory" source="textfile.go:57"
time="2018-01-13T17:02:02Z" level=info msg="Enabled collectors:" source="node_exporter.go:50"
time="2018-01-13T17:02:02Z" level=info msg=" - filesystem" source="node_exporter.go:52"
time="2018-01-13T17:02:02Z" level=info msg=" - bcache" source="node_exporter.go:52"
time="2018-01-13T17:02:02Z" level=info msg=" - loadavg" source="node_exporter.go:52"
time="2018-01-13T17:02:02Z" level=info msg=" - hwmon" source="node_exporter.go:52"
time="2018-01-13T17:02:02Z" level=info msg=" - xfs" source="node_exporter.go:52"
time="2018-01-13T17:02:02Z" level=info msg=" - conntrack" source="node_exporter.go:52"
time="2018-01-13T17:02:02Z" level=info msg=" - timex" source="node_exporter.go:52"
time="2018-01-13T17:02:02Z" level=info msg=" - entropy" source="node_exporter.go:52"
time="2018-01-13T17:02:02Z" level=info msg=" - diskstats" source="node_exporter.go:52"
time="2018-01-13T17:02:02Z" level=info msg=" - edac" source="node_exporter.go:52"
time="2018-01-13T17:02:02Z" level=info msg=" - wifi" source="node_exporter.go:52"
time="2018-01-13T17:02:02Z" level=info msg=" - vmstat" source="node_exporter.go:52"
time="2018-01-13T17:02:02Z" level=info msg=" - stat" source="node_exporter.go:52"
time="2018-01-13T17:02:02Z" level=info msg=" - meminfo" source="node_exporter.go:52"
time="2018-01-13T17:02:02Z" level=info msg=" - infiniband" source="node_exporter.go:52"
time="2018-01-13T17:02:02Z" level=info msg=" - mdadm" source="node_exporter.go:52"
time="2018-01-13T17:02:02Z" level=info msg=" - zfs" source="node_exporter.go:52"
time="2018-01-13T17:02:02Z" level=info msg=" - sockstat" source="node_exporter.go:52"
time="2018-01-13T17:02:02Z" level=info msg=" - ipvs" source="node_exporter.go:52"
time="2018-01-13T17:02:02Z" level=info msg=" - uname" source="node_exporter.go:52"
time="2018-01-13T17:02:02Z" level=info msg=" - textfile" source="node_exporter.go:52"
time="2018-01-13T17:02:02Z" level=info msg=" - netdev" source="node_exporter.go:52"
time="2018-01-13T17:02:02Z" level=info msg=" - cpu" source="node_exporter.go:52"
time="2018-01-13T17:02:02Z" level=info msg=" - netstat" source="node_exporter.go:52"
time="2018-01-13T17:02:02Z" level=info msg=" - time" source="node_exporter.go:52"
time="2018-01-13T17:02:02Z" level=info msg=" - arp" source="node_exporter.go:52"
time="2018-01-13T17:02:02Z" level=info msg=" - filefd" source="node_exporter.go:52"
time="2018-01-13T17:02:02Z" level=info msg="Listening on :5530" source="node_exporter.go:76"
time="2018-01-13T17:07:18Z" level=info msg="Starting node_exporter (version=0.15.1, branch=HEAD, revision=ba5da2c29ae7f6209a88cb58676ba5ba029ad785)" source="node_exporter.go:43"
time="2018-01-13T17:07:18Z" level=info msg="Build context (go=go1.9.2, user=root@b73d73f4fc5e, date=20171107-17:50:51)" source="node_exporter.go:44"
time="2018-01-13T17:07:18Z" level=info msg="No directory specified, see --collector.textfile.directory" source="textfile.go:57"
time="2018-01-13T17:07:18Z" level=info msg="Enabled collectors:" source="node_exporter.go:50"
time="2018-01-13T17:07:18Z" level=info msg=" - meminfo" source="node_exporter.go:52"
time="2018-01-13T17:07:18Z" level=info msg=" - xfs" source="node_exporter.go:52"
time="2018-01-13T17:07:18Z" level=info msg=" - filefd" source="node_exporter.go:52"
time="2018-01-13T17:07:18Z" level=info msg=" - wifi" source="node_exporter.go:52"
time="2018-01-13T17:07:18Z" level=info msg=" - vmstat" source="node_exporter.go:52"
time="2018-01-13T17:07:18Z" level=info msg=" - hwmon" source="node_exporter.go:52"
time="2018-01-13T17:07:18Z" level=info msg=" - sockstat" source="node_exporter.go:52"
time="2018-01-13T17:07:18Z" level=info msg=" - uname" source="node_exporter.go:52"
time="2018-01-13T17:07:18Z" level=info msg=" - filesystem" source="node_exporter.go:52"
time="2018-01-13T17:07:18Z" level=info msg=" - loadavg" source="node_exporter.go:52"
time="2018-01-13T17:07:18Z" level=info msg=" - cpu" source="node_exporter.go:52"
time="2018-01-13T17:07:18Z" level=info msg=" - stat" source="node_exporter.go:52"
time="2018-01-13T17:07:18Z" level=info msg=" - conntrack" source="node_exporter.go:52"
time="2018-01-13T17:07:18Z" level=info msg=" - timex" source="node_exporter.go:52"
time="2018-01-13T17:07:18Z" level=info msg=" - mdadm" source="node_exporter.go:52"
time="2018-01-13T17:07:18Z" level=info msg=" - time" source="node_exporter.go:52"
time="2018-01-13T17:07:18Z" level=info msg=" - infiniband" source="node_exporter.go:52"
time="2018-01-13T17:07:18Z" level=info msg=" - arp" source="node_exporter.go:52"
time="2018-01-13T17:07:18Z" level=info msg=" - netdev" source="node_exporter.go:52"
time="2018-01-13T17:07:18Z" level=info msg=" - ipvs" source="node_exporter.go:52"
time="2018-01-13T17:07:18Z" level=info msg=" - bcache" source="node_exporter.go:52"
time="2018-01-13T17:07:18Z" level=info msg=" - zfs" source="node_exporter.go:52"
time="2018-01-13T17:07:18Z" level=info msg=" - textfile" source="node_exporter.go:52"
time="2018-01-13T17:07:18Z" level=info msg=" - netstat" source="node_exporter.go:52"
time="2018-01-13T17:07:18Z" level=info msg=" - diskstats" source="node_exporter.go:52"
time="2018-01-13T17:07:18Z" level=info msg=" - entropy" source="node_exporter.go:52"
time="2018-01-13T17:07:18Z" level=info msg=" - edac" source="node_exporter.go:52"
time="2018-01-13T17:07:18Z" level=info msg="Listening on :5530" source="node_exporter.go:76"
time="2018-01-14T12:48:27Z" level=info msg="Starting node_exporter (version=0.15.1, branch=HEAD, revision=ba5da2c29ae7f6209a88cb58676ba5ba029ad785)" source="node_exporter.go:43"
time="2018-01-14T12:48:27Z" level=info msg="Build context (go=go1.9.2, user=root@b73d73f4fc5e, date=20171107-17:50:51)" source="node_exporter.go:44"
time="2018-01-14T12:48:27Z" level=info msg="No directory specified, see --collector.textfile.directory" source="textfile.go:57"
time="2018-01-14T12:48:27Z" level=info msg="Enabled collectors:" source="node_exporter.go:50"
time="2018-01-14T12:48:27Z" level=info msg=" - vmstat" source="node_exporter.go:52"
time="2018-01-14T12:48:27Z" level=info msg=" - timex" source="node_exporter.go:52"
time="2018-01-14T12:48:27Z" level=info msg=" - netstat" source="node_exporter.go:52"
time="2018-01-14T12:48:27Z" level=info msg=" - sockstat" source="node_exporter.go:52"
time="2018-01-14T12:48:27Z" level=info msg=" - zfs" source="node_exporter.go:52"
time="2018-01-14T12:48:27Z" level=info msg=" - edac" source="node_exporter.go:52"
time="2018-01-14T12:48:27Z" level=info msg=" - mdadm" source="node_exporter.go:52"
time="2018-01-14T12:48:27Z" level=info msg=" - filesystem" source="node_exporter.go:52"
time="2018-01-14T12:48:27Z" level=info msg=" - infiniband" source="node_exporter.go:52"
time="2018-01-14T12:48:27Z" level=info msg=" - netdev" source="node_exporter.go:52"
time="2018-01-14T12:48:27Z" level=info msg=" - stat" source="node_exporter.go:52"
time="2018-01-14T12:48:27Z" level=info msg=" - wifi" source="node_exporter.go:52"
time="2018-01-14T12:48:27Z" level=info msg=" - filefd" source="node_exporter.go:52"
time="2018-01-14T12:48:27Z" level=info msg=" - diskstats" source="node_exporter.go:52"
time="2018-01-14T12:48:27Z" level=info msg=" - meminfo" source="node_exporter.go:52"
time="2018-01-14T12:48:27Z" level=info msg=" - xfs" source="node_exporter.go:52"
time="2018-01-14T12:48:27Z" level=info msg=" - loadavg" source="node_exporter.go:52"
time="2018-01-14T12:48:27Z" level=info msg=" - ipvs" source="node_exporter.go:52"
time="2018-01-14T12:48:27Z" level=info msg=" - time" source="node_exporter.go:52"
time="2018-01-14T12:48:27Z" level=info msg=" - uname" source="node_exporter.go:52"
time="2018-01-14T12:48:27Z" level=info msg=" - arp" source="node_exporter.go:52"
time="2018-01-14T12:48:27Z" level=info msg=" - conntrack" source="node_exporter.go:52"
time="2018-01-14T12:48:27Z" level=info msg=" - cpu" source="node_exporter.go:52"
time="2018-01-14T12:48:27Z" level=info msg=" - hwmon" source="node_exporter.go:52"
time="2018-01-14T12:48:27Z" level=info msg=" - entropy" source="node_exporter.go:52"
time="2018-01-14T12:48:27Z" level=info msg=" - textfile" source="node_exporter.go:52"
time="2018-01-14T12:48:27Z" level=info msg=" - bcache" source="node_exporter.go:52"
time="2018-01-14T12:48:27Z" level=info msg="Listening on :5530" source="node_exporter.go:76"
time="2018-01-15T14:54:45Z" level=info msg="Starting node_exporter (version=0.15.1, branch=HEAD, revision=ba5da2c29ae7f6209a88cb58676ba5ba029ad785)" source="node_exporter.go:43"
time="2018-01-15T14:54:45Z" level=info msg="Build context (go=go1.9.2, user=root@b73d73f4fc5e, date=20171107-17:50:51)" source="node_exporter.go:44"
time="2018-01-15T14:54:45Z" level=info msg="No directory specified, see --collector.textfile.directory" source="textfile.go:57"
time="2018-01-15T14:54:45Z" level=info msg="Enabled collectors:" source="node_exporter.go:50"
time="2018-01-15T14:54:45Z" level=info msg=" - hwmon" source="node_exporter.go:52"
time="2018-01-15T14:54:45Z" level=info msg=" - ipvs" source="node_exporter.go:52"
time="2018-01-15T14:54:45Z" level=info msg=" - cpu" source="node_exporter.go:52"
time="2018-01-15T14:54:45Z" level=info msg=" - loadavg" source="node_exporter.go:52"
time="2018-01-15T14:54:45Z" level=info msg=" - vmstat" source="node_exporter.go:52"
time="2018-01-15T14:54:45Z" level=info msg=" - stat" source="node_exporter.go:52"
time="2018-01-15T14:54:45Z" level=info msg=" - textfile" source="node_exporter.go:52"
time="2018-01-15T14:54:45Z" level=info msg=" - wifi" source="node_exporter.go:52"
time="2018-01-15T14:54:45Z" level=info msg=" - zfs" source="node_exporter.go:52"
time="2018-01-15T14:54:45Z" level=info msg=" - netstat" source="node_exporter.go:52"
time="2018-01-15T14:54:45Z" level=info msg=" - conntrack" source="node_exporter.go:52"
time="2018-01-15T14:54:45Z" level=info msg=" - uname" source="node_exporter.go:52"
time="2018-01-15T14:54:45Z" level=info msg=" - infiniband" source="node_exporter.go:52"
time="2018-01-15T14:54:45Z" level=info msg=" - edac" source="node_exporter.go:52"
time="2018-01-15T14:54:45Z" level=info msg=" - netdev" source="node_exporter.go:52"
time="2018-01-15T14:54:45Z" level=info msg=" - mdadm" source="node_exporter.go:52"
time="2018-01-15T14:54:45Z" level=info msg=" - timex" source="node_exporter.go:52"
time="2018-01-15T14:54:45Z" level=info msg=" - meminfo" source="node_exporter.go:52"
time="2018-01-15T14:54:45Z" level=info msg=" - entropy" source="node_exporter.go:52"
time="2018-01-15T14:54:45Z" level=info msg=" - arp" source="node_exporter.go:52"
time="2018-01-15T14:54:45Z" level=info msg=" - filefd" source="node_exporter.go:52"
time="2018-01-15T14:54:45Z" level=info msg=" - xfs" source="node_exporter.go:52"
time="2018-01-15T14:54:45Z" level=info msg=" - sockstat" source="node_exporter.go:52"
time="2018-01-15T14:54:45Z" level=info msg=" - bcache" source="node_exporter.go:52"
time="2018-01-15T14:54:45Z" level=info msg=" - diskstats" source="node_exporter.go:52"
time="2018-01-15T14:54:45Z" level=info msg=" - filesystem" source="node_exporter.go:52"
time="2018-01-15T14:54:45Z" level=info msg=" - time" source="node_exporter.go:52"
time="2018-01-15T14:54:45Z" level=info msg="Listening on :9100" source="node_exporter.go:76"
time="2018-01-15T14:54:45Z" level=fatal msg="listen tcp :9100: bind: address already in use" source="node_exporter.go:79"
time="2018-01-15T15:00:18Z" level=info msg="Starting node_exporter (version=0.15.1, branch=HEAD, revision=ba5da2c29ae7f6209a88cb58676ba5ba029ad785)" source="node_exporter.go:43"
time="2018-01-15T15:00:18Z" level=info msg="Build context (go=go1.9.2, user=root@b73d73f4fc5e, date=20171107-17:50:51)" source="node_exporter.go:44"
time="2018-01-15T15:00:18Z" level=info msg="No directory specified, see --collector.textfile.directory" source="textfile.go:57"
time="2018-01-15T15:00:18Z" level=info msg="Enabled collectors:" source="node_exporter.go:50"
time="2018-01-15T15:00:18Z" level=info msg=" - meminfo" source="node_exporter.go:52"
time="2018-01-15T15:00:18Z" level=info msg=" - wifi" source="node_exporter.go:52"
time="2018-01-15T15:00:18Z" level=info msg=" - arp" source="node_exporter.go:52"
time="2018-01-15T15:00:18Z" level=info msg=" - filesystem" source="node_exporter.go:52"
time="2018-01-15T15:00:18Z" level=info msg=" - bcache" source="node_exporter.go:52"
time="2018-01-15T15:00:18Z" level=info msg=" - filefd" source="node_exporter.go:52"
time="2018-01-15T15:00:18Z" level=info msg=" - zfs" source="node_exporter.go:52"
time="2018-01-15T15:00:18Z" level=info msg=" - stat" source="node_exporter.go:52"
time="2018-01-15T15:00:18Z" level=info msg=" - ipvs" source="node_exporter.go:52"
time="2018-01-15T15:00:18Z" level=info msg=" - vmstat" source="node_exporter.go:52"
time="2018-01-15T15:00:18Z" level=info msg=" - netstat" source="node_exporter.go:52"
time="2018-01-15T15:00:18Z" level=info msg=" - diskstats" source="node_exporter.go:52"
time="2018-01-15T15:00:18Z" level=info msg=" - netdev" source="node_exporter.go:52"
time="2018-01-15T15:00:18Z" level=info msg=" - entropy" source="node_exporter.go:52"
time="2018-01-15T15:00:18Z" level=info msg=" - timex" source="node_exporter.go:52"
time="2018-01-15T15:00:18Z" level=info msg=" - time" source="node_exporter.go:52"
time="2018-01-15T15:00:18Z" level=info msg=" - conntrack" source="node_exporter.go:52"
time="2018-01-15T15:00:18Z" level=info msg=" - cpu" source="node_exporter.go:52"
time="2018-01-15T15:00:18Z" level=info msg=" - textfile" source="node_exporter.go:52"
time="2018-01-15T15:00:18Z" level=info msg=" - loadavg" source="node_exporter.go:52"
time="2018-01-15T15:00:18Z" level=info msg=" - edac" source="node_exporter.go:52"
time="2018-01-15T15:00:18Z" level=info msg=" - sockstat" source="node_exporter.go:52"
time="2018-01-15T15:00:18Z" level=info msg=" - infiniband" source="node_exporter.go:52"
time="2018-01-15T15:00:18Z" level=info msg=" - mdadm" source="node_exporter.go:52"
time="2018-01-15T15:00:18Z" level=info msg=" - hwmon" source="node_exporter.go:52"
time="2018-01-15T15:00:18Z" level=info msg=" - xfs" source="node_exporter.go:52"
time="2018-01-15T15:00:18Z" level=info msg=" - uname" source="node_exporter.go:52"
time="2018-01-15T15:00:18Z" level=info msg="Listening on :5530" source="node_exporter.go:76"
